[debug] [2023-01-09T19:11:25.367Z] ----------------------------------------------------------------------
[debug] [2023-01-09T19:11:25.369Z] Command:       C:\Program Files\nodejs\node.exe C:\Users\Denis\AppData\Roaming\npm\node_modules\firebase-tools\lib\bin\firebase.js init
[debug] [2023-01-09T19:11:25.369Z] CLI Version:   11.20.0
[debug] [2023-01-09T19:11:25.369Z] Platform:      win32
[debug] [2023-01-09T19:11:25.369Z] Node Version:  v16.17.0
[debug] [2023-01-09T19:11:25.370Z] Time:          Mon Jan 09 2023 21:11:25 GMT+0200 (Eastern European Standard Time)
[debug] [2023-01-09T19:11:25.370Z] ----------------------------------------------------------------------
[debug] 
[debug] [2023-01-09T19:11:25.379Z] > command requires scopes: ["email","openid","https://www.googleapis.com/auth/cloudplatformprojects.readonly","https://www.googleapis.com/auth/firebase","https://www.googleapis.com/auth/cloud-platform"]
[debug] [2023-01-09T19:11:25.379Z] > authorizing via signed-in user (denispitigoi@gmail.com)
[info] 
     ######## #### ########  ######## ########     ###     ######  ########
     ##        ##  ##     ## ##       ##     ##  ##   ##  ##       ##
     ######    ##  ########  ######   ########  #########  ######  ######
     ##        ##  ##    ##  ##       ##     ## ##     ##       ## ##
     ##       #### ##     ## ######## ########  ##     ##  ######  ########

You're about to initialize a Firebase project in this directory:

  B:\money

[info] 
=== Project Setup
[info] 
[info] First, let's associate this project directory with a Firebase project.
[info] You can create multiple project aliases by running firebase use --add, 
[info] but for now we'll just set up a default project.
[info] 
